2023-09-17 02:27:03,427:WARNING:c:\Users\Daniel\anaconda3\lib\site-packages\ipykernel\ipkernel.py:287: DeprecationWarning: `should_run_async` will not call `transform_cell` automatically in the future. Please pass the result to `transformed_cell` argument and any exception that happen during thetransform in `preprocessing_exc_tuple` in IPython 7.17 and above.
  and should_run_async(code)

2023-09-17 02:27:03,813:WARNING:<ipython-input-169-c5f074894886>:4: SettingWithCopyWarning: 
A value is trying to be set on a copy of a slice from a DataFrame.
Try using .loc[row_indexer,col_indexer] = value instead

See the caveats in the documentation: https://pandas.pydata.org/pandas-docs/stable/user_guide/indexing.html#returning-a-view-versus-a-copy
  seller["transaction_id"] = seller["salesperson_name"] + seller["year"] # concat to create grouping by salesperson in a year

2023-09-17 02:27:35,620:WARNING:c:\Users\Daniel\anaconda3\lib\site-packages\ipykernel\ipkernel.py:287: DeprecationWarning: `should_run_async` will not call `transform_cell` automatically in the future. Please pass the result to `transformed_cell` argument and any exception that happen during thetransform in `preprocessing_exc_tuple` in IPython 7.17 and above.
  and should_run_async(code)

2023-09-17 02:27:35,772:WARNING:<ipython-input-170-c1629b7da763>:4: SettingWithCopyWarning: 
A value is trying to be set on a copy of a slice from a DataFrame.
Try using .loc[row_indexer,col_indexer] = value instead

See the caveats in the documentation: https://pandas.pydata.org/pandas-docs/stable/user_guide/indexing.html#returning-a-view-versus-a-copy
  seller["transaction_id"] = seller["salesperson_name"] + seller["year"] # concat to create grouping by salesperson in a year

2023-09-17 02:27:48,335:WARNING:c:\Users\Daniel\anaconda3\lib\site-packages\ipykernel\ipkernel.py:287: DeprecationWarning: `should_run_async` will not call `transform_cell` automatically in the future. Please pass the result to `transformed_cell` argument and any exception that happen during thetransform in `preprocessing_exc_tuple` in IPython 7.17 and above.
  and should_run_async(code)

2023-09-17 02:27:48,473:WARNING:<ipython-input-171-c5f074894886>:4: SettingWithCopyWarning: 
A value is trying to be set on a copy of a slice from a DataFrame.
Try using .loc[row_indexer,col_indexer] = value instead

See the caveats in the documentation: https://pandas.pydata.org/pandas-docs/stable/user_guide/indexing.html#returning-a-view-versus-a-copy
  seller["transaction_id"] = seller["salesperson_name"] + seller["year"] # concat to create grouping by salesperson in a year

2023-09-17 02:46:13,290:WARNING:c:\Users\Daniel\anaconda3\lib\site-packages\ipykernel\ipkernel.py:287: DeprecationWarning: `should_run_async` will not call `transform_cell` automatically in the future. Please pass the result to `transformed_cell` argument and any exception that happen during thetransform in `preprocessing_exc_tuple` in IPython 7.17 and above.
  and should_run_async(code)

2023-09-17 02:46:13,440:WARNING:<ipython-input-172-b75ca2380e10>:4: SettingWithCopyWarning: 
A value is trying to be set on a copy of a slice from a DataFrame.
Try using .loc[row_indexer,col_indexer] = value instead

See the caveats in the documentation: https://pandas.pydata.org/pandas-docs/stable/user_guide/indexing.html#returning-a-view-versus-a-copy
  seller["transaction_id"] = seller["salesperson_name"] + seller["year"] # concat to create grouping by salesperson in a year

2023-09-17 02:46:28,527:WARNING:c:\Users\Daniel\anaconda3\lib\site-packages\ipykernel\ipkernel.py:287: DeprecationWarning: `should_run_async` will not call `transform_cell` automatically in the future. Please pass the result to `transformed_cell` argument and any exception that happen during thetransform in `preprocessing_exc_tuple` in IPython 7.17 and above.
  and should_run_async(code)

2023-09-17 02:46:34,230:WARNING:c:\Users\Daniel\anaconda3\lib\site-packages\ipykernel\ipkernel.py:287: DeprecationWarning: `should_run_async` will not call `transform_cell` automatically in the future. Please pass the result to `transformed_cell` argument and any exception that happen during thetransform in `preprocessing_exc_tuple` in IPython 7.17 and above.
  and should_run_async(code)

2023-09-17 02:46:34,386:WARNING:<ipython-input-174-c2830d65d013>:4: SettingWithCopyWarning: 
A value is trying to be set on a copy of a slice from a DataFrame.
Try using .loc[row_indexer,col_indexer] = value instead

See the caveats in the documentation: https://pandas.pydata.org/pandas-docs/stable/user_guide/indexing.html#returning-a-view-versus-a-copy
  seller["transaction_id"] = seller["salesperson_name"] + seller["year"] # concat to create grouping by salesperson in a year

2023-09-17 02:50:26,482:WARNING:c:\Users\Daniel\anaconda3\lib\site-packages\ipykernel\ipkernel.py:287: DeprecationWarning: `should_run_async` will not call `transform_cell` automatically in the future. Please pass the result to `transformed_cell` argument and any exception that happen during thetransform in `preprocessing_exc_tuple` in IPython 7.17 and above.
  and should_run_async(code)

2023-09-17 02:50:26,629:WARNING:<ipython-input-175-f52911d8da71>:4: SettingWithCopyWarning: 
A value is trying to be set on a copy of a slice from a DataFrame.
Try using .loc[row_indexer,col_indexer] = value instead

See the caveats in the documentation: https://pandas.pydata.org/pandas-docs/stable/user_guide/indexing.html#returning-a-view-versus-a-copy
  seller["transaction_id"] = seller["salesperson_name"] + seller["year"] # concat to create grouping by salesperson in a year

2023-09-17 02:53:38,168:WARNING:c:\Users\Daniel\anaconda3\lib\site-packages\ipykernel\ipkernel.py:287: DeprecationWarning: `should_run_async` will not call `transform_cell` automatically in the future. Please pass the result to `transformed_cell` argument and any exception that happen during thetransform in `preprocessing_exc_tuple` in IPython 7.17 and above.
  and should_run_async(code)

2023-09-17 02:53:38,324:WARNING:<ipython-input-176-7fd85b8a2fb7>:4: SettingWithCopyWarning: 
A value is trying to be set on a copy of a slice from a DataFrame.
Try using .loc[row_indexer,col_indexer] = value instead

See the caveats in the documentation: https://pandas.pydata.org/pandas-docs/stable/user_guide/indexing.html#returning-a-view-versus-a-copy
  seller["transaction_id"] = seller["salesperson_name"] + seller["year"] # concat to create grouping by salesperson in a year

